Streaming transaction logs mentioning ADoEaEXd75hq2KxJWDKc4zpmujqYLqaGG3qThW3c6bS3. Confirmed commitment
Transaction executed in slot 439972710:
  Signature: 456fwQqGSEqwJML8MPSxTzAtCg1DfNDdJNVmCtG2g89PVB3XD9mL1paEVq3iF5ymi1oeBcRmcf721aiQGP9h4NvY
  Status: Ok
  Log Messages:
    Program ADoEaEXd75hq2KxJWDKc4zpmujqYLqaGG3qThW3c6bS3 invoke [1]
    Program log: Instruction: CreateJournalEntry
    Program 11111111111111111111111111111111 invoke [2]
    Program 11111111111111111111111111111111 success
    Program 11111111111111111111111111111111 invoke [2]
    Program 11111111111111111111111111111111 success
    Program ADoEaEXd75hq2KxJWDKc4zpmujqYLqaGG3qThW3c6bS3 consumed 19886 of 200000 compute units
    Program ADoEaEXd75hq2KxJWDKc4zpmujqYLqaGG3qThW3c6bS3 success
Transaction executed in slot 439972711:
  Signature: 456fwQqGSEqwJML8MPSxTzAtCg1DfNDdJNVmCtG2g89PVB3XD9mL1paEVq3iF5ymi1oeBcRmcf721aiQGP9h4NvY
  Status: Ok
  Log Messages:
    Program ADoEaEXd75hq2KxJWDKc4zpmujqYLqaGG3qThW3c6bS3 invoke [1]
    Program log: Instruction: CreateJournalEntry
    Program 11111111111111111111111111111111 invoke [2]
    Program 11111111111111111111111111111111 success
    Program 11111111111111111111111111111111 invoke [2]
    Program 11111111111111111111111111111111 success
    Program ADoEaEXd75hq2KxJWDKc4zpmujqYLqaGG3qThW3c6bS3 consumed 19886 of 200000 compute units
    Program ADoEaEXd75hq2KxJWDKc4zpmujqYLqaGG3qThW3c6bS3 success
Transaction executed in slot 439972713:
  Signature: UMhbqCqihnB1t6D9enQc1TRWk5a9mLWwMGxNG4hMDEviTJLRhNocLEHRS32ASLSCNhjyd8PuyErvo5JGZHrsShU
  Status: Ok
  Log Messages:
    Program ADoEaEXd75hq2KxJWDKc4zpmujqYLqaGG3qThW3c6bS3 invoke [1]
    Program log: Instruction: CreateJournalEntry
    Program 11111111111111111111111111111111 invoke [2]
    Program 11111111111111111111111111111111 success
    Program ADoEaEXd75hq2KxJWDKc4zpmujqYLqaGG3qThW3c6bS3 consumed 18887 of 200000 compute units
    Program ADoEaEXd75hq2KxJWDKc4zpmujqYLqaGG3qThW3c6bS3 success
Transaction executed in slot 439972715:
  Signature: 3Dd258idBiTBzPApeCKdoqZEqCf3nggJeJ5YhPUAMcna3mVnwQioNDPSsxo42YAgnEegdouPWi1WbekiEEtvDE72
  Status: Ok
  Log Messages:
    Program ADoEaEXd75hq2KxJWDKc4zpmujqYLqaGG3qThW3c6bS3 invoke [1]
    Program log: Instruction: DeleteJournalEntry
    Program ADoEaEXd75hq2KxJWDKc4zpmujqYLqaGG3qThW3c6bS3 consumed 12710 of 200000 compute units
    Program ADoEaEXd75hq2KxJWDKc4zpmujqYLqaGG3qThW3c6bS3 success
Transaction executed in slot 439972716:
  Signature: 22wnVy6T5wGUYZB5W9bfvXVtiGmGBaNd6gvhfeovBqdiz436bxZhDU2qJFEKdEnJpZJ8KB2KXfA7tTkLyFbsodXW
  Status: Ok
  Log Messages:
    Program ADoEaEXd75hq2KxJWDKc4zpmujqYLqaGG3qThW3c6bS3 invoke [1]
    Program log: Instruction: DeleteJournalEntry
    Program ADoEaEXd75hq2KxJWDKc4zpmujqYLqaGG3qThW3c6bS3 consumed 14148 of 200000 compute units
    Program ADoEaEXd75hq2KxJWDKc4zpmujqYLqaGG3qThW3c6bS3 success
